<?xml version="1.0" encoding="UTF-8"?>
<testng-results ignored="0" total="2" passed="2" failed="0" skipped="0">
  <reporter-output>
  </reporter-output>
  <suite started-at="2024-08-19T05:47:45 EDT" name="Default suite" finished-at="2024-08-19T05:47:52 EDT" duration-ms="7396">
    <groups>
    </groups>
    <test started-at="2024-08-19T05:47:45 EDT" name="Default test" finished-at="2024-08-19T05:47:52 EDT" duration-ms="7396">
      <class name="me.ebrahimhossain.FrameHandle">
        <test-method is-config="true" signature="startChromeBrowser()[pri:0, instance:me.ebrahimhossain.FrameHandle@6bd61f98]" started-at="2024-08-19T05:47:36 EDT" name="startChromeBrowser" finished-at="2024-08-19T05:47:45 EDT" duration-ms="8964" status="PASS">
          <reporter-output>
          </reporter-output>
        </test-method> <!-- startChromeBrowser -->
        <test-method signature="countIframe()[pri:0, instance:me.ebrahimhossain.FrameHandle@6bd61f98]" started-at="2024-08-19T05:47:45 EDT" name="countIframe" finished-at="2024-08-19T05:47:48 EDT" duration-ms="3042" status="PASS">
          <reporter-output>
          </reporter-output>
        </test-method> <!-- countIframe -->
        <test-method signature="switchToFrame()[pri:1, instance:me.ebrahimhossain.FrameHandle@6bd61f98]" started-at="2024-08-19T05:47:48 EDT" name="switchToFrame" finished-at="2024-08-19T05:47:52 EDT" duration-ms="4313" status="PASS">
          <reporter-output>
          </reporter-output>
        </test-method> <!-- switchToFrame -->
        <test-method is-config="true" signature="closeBrowser()[pri:0, instance:me.ebrahimhossain.FrameHandle@6bd61f98]" started-at="2024-08-19T05:47:52 EDT" name="closeBrowser" finished-at="2024-08-19T05:47:53 EDT" duration-ms="302" status="PASS">
          <reporter-output>
          </reporter-output>
        </test-method> <!-- closeBrowser -->
      </class> <!-- me.ebrahimhossain.FrameHandle -->
    </test> <!-- Default test -->
  </suite> <!-- Default suite -->
</testng-results>
